Feb-06 04:47:31.107 [main] DEBUG nextflow.cli.Launcher - $> nextflow run nf-core/demo -profile docker,test --outdir demo-results
Feb-06 04:47:31.152 [main] DEBUG nextflow.cli.CmdRun - N E X T F L O W  ~  version 25.10.3
Feb-06 04:47:31.170 [main] DEBUG nextflow.plugin.PluginsFacade - Setting up plugin manager > mode=prod; embedded=false; plugins-dir=/workspaces/training/.nextflow/plugins; core-plugins: nf-amazon@3.4.3,nf-azure@1.20.2,nf-cloudcache@0.5.0,nf-codecommit@0.5.0,nf-console@1.3.0,nf-google@1.23.4,nf-k8s@1.2.2,nf-tower@1.17.4,nf-wave@1.16.1
Feb-06 04:47:31.180 [main] INFO  o.pf4j.DefaultPluginStatusProvider - Enabled plugins: []
Feb-06 04:47:31.181 [main] INFO  o.pf4j.DefaultPluginStatusProvider - Disabled plugins: []
Feb-06 04:47:31.182 [main] INFO  org.pf4j.DefaultPluginManager - PF4J version 3.12.0 in 'deployment' mode
Feb-06 04:47:31.190 [main] DEBUG nextflow.util.RetryConfig - Missing nextflow session - using default retry config
Feb-06 04:47:31.260 [main] INFO  org.pf4j.AbstractPluginManager - No plugins
Feb-06 04:47:31.269 [main] DEBUG nextflow.scm.ProviderConfig - Using SCM config path: /workspaces/training/.nextflow/scm
Feb-06 04:47:31.277 [main] DEBUG nextflow.config.ConfigParserFactory - Using config parser v2
Feb-06 04:47:31.574 [main] DEBUG nextflow.scm.AssetManager - Git config: /workspaces/training/.nextflow/assets/nf-core/demo/.git/config; branch: master; remote: origin; url: https://github.com/nf-core/demo.git
Feb-06 04:47:31.597 [main] DEBUG nextflow.scm.RepositoryFactory - Found Git repository result: [RepositoryFactory]
Feb-06 04:47:31.603 [main] DEBUG nextflow.scm.AssetManager - Git config: /workspaces/training/.nextflow/assets/nf-core/demo/.git/config; branch: master; remote: origin; url: https://github.com/nf-core/demo.git
Feb-06 04:47:31.916 [main] DEBUG nextflow.config.ConfigBuilder - Found config base: /workspaces/training/.nextflow/assets/nf-core/demo/nextflow.config
Feb-06 04:47:31.917 [main] DEBUG nextflow.config.ConfigBuilder - Parsing config file: /workspaces/training/.nextflow/assets/nf-core/demo/nextflow.config
Feb-06 04:47:31.918 [main] DEBUG nextflow.config.ConfigParserFactory - Using config parser v2
Feb-06 04:47:31.924 [main] DEBUG nextflow.config.ConfigBuilder - Applying config profile: `docker,test`
Feb-06 04:47:32.551 [main] DEBUG nextflow.config.ConfigBuilder - Available config profiles: [debug, conda, mamba, docker, arm64, emulate_amd64, singularity, podman, shifter, charliecloud, apptainer, wave, gpu, test, test_full, abims, adcra, alice, alliance_canada, apollo, arcc, aws_tower, awsbatch, azurebatch, bi, bigpurple, bih, binac, binac2, biohpc_gen, biowulf, bluebear, cambridge, cannon, cbe, ccga_dx, ccga_cau, ceci_dragon2, ceci_nic5, cedars, ceres, cfc, cfc_dev, cheaha, computerome, create, crg, crick, cropdiversityhpc, crukmi, csiro_petrichor, czbiohub_aws, daisybio, denbi_qbic, dkfz, dirac, ebc, eddie, ebi_codon, ebi_codon_slurm, einstein, embl_hd, engaging, ethz_euler, eva, eva_grace, fgcz, fred_hutch, fsu_draco, fub_curta, genotoul, genouest, giga, gis, googlebatch, hasta, hki_genie, hypatia, humantechnopole, icr_alma, icr_davros, ifb_core, imb, imperial, incliva, ipop_up, iris, janelia, jax, jex, unsw_katana, ku_sund_danhead, kaust, ki_luria, leicester, lovelace, lrz_cm4, lugh, m3c, maestro, mana, marjorie, marvin, mccleary, medair, mjolnir_globe, mpcdf, mpcdf_viper, mssm, munin, nci_gadi, nu_genomics, nygc, nyu_hpc, oist, pasteur, pawsey_nimbus, pawsey_setonix, pdc_kth, pe2, phoenix, psmn, qmul_apocrita, rki, rosalind, rosalind_uge, roslin, sage, sahmri, sanger, ilifu, scw, seadragon, seattlechildrens, seawulf, seg_globe, self_hosted_runner, shu_bmrc, software_license, stjude, tes, tigem, tubingen_apg, tufts, tuos_stanage, ucd_sonic, ucl_cscluster, ucl_myriad, uct_hpc, uge, unc_lccc, unc_longleaf, unibe_ibu, unity, uod_hpc, uppmax, utd_ganymede, utd_juno, uw_hyak_pedslabs, uzh, uzl_omics, vai, vsc_calcua, vsc_kul_uhasselt, vsc_ugent, wehi, wustl_htcf, xanadu, york_viking]
Feb-06 04:47:32.585 [main] DEBUG nextflow.plugin.PluginsFacade - Plugins declared=[nf-schema@2.6.1]
Feb-06 04:47:32.585 [main] DEBUG nextflow.plugin.PluginsFacade - Plugins default=[]
Feb-06 04:47:32.586 [main] DEBUG nextflow.plugin.PluginsFacade - Plugins resolved requirement=[nf-schema@2.6.1]
Feb-06 04:47:33.075 [main] DEBUG n.plugin.HttpPluginRepository - Registry request: https://registry.nextflow.io/api/v1/plugins/dependencies?plugins=nf-schema%402.6.1&nextflowVersion=25.10.3
- code: 200
- body: {"plugins":[{"id":"nf-schema","downloadCount":177722,"downloadGhCount":525374,"releases":[{"version":"2.6.1","url":"https://registry.nextflow.io/api/v1/plugins/nf-schema/2.6.1/download/nf-schema-2.6.1.zip","date":"2025-10-27T10:50:21.364829Z","sha512sum":"467832f2987f90e2d2aa8e6d8387e45d4a0406ce8b5579a71fcd506155b85491bc6e978a536d767508a8ed1a4610a60c1f0cd3d9dc226f4fea1ce2973a23d043","requires":">=25.10.0","dependsOn":[],"downloadCount":19428,"downloadGhCount":0,"status":"PUBLISHED","spec":"{\"$schema\": \"https://raw.githubusercontent.com/nextflow-io/schemas/main/plugin/v1/schema.json\", \"definitions\": [{\"spec\": {\"name\": \"validation\", \"children\": [{\"spec\": {\"name\": \"parametersSchema\", \"type\": \"CharSequence\", \"description\": \"The JSON schema file to use for parameter validation.\"}, \"type\": \"ConfigOption\"}, {\"spec\": {\"name\": \"defaultIgnoreParams\", \"type\": \"Set\", \"description\": \"A list of default parameters to ignore during validation. This option should only be used by pipeline developers.\"}, \"type\": \"ConfigOption\"}, {\"spec\": {\"name\": \"summary\", \"children\": [{\"spec\": {\"name\": \"beforeText\", \"type\": \"CharSequence\", \"description\": \"The text to show before the summary message.\"}, \"type\": \"ConfigOption\"}, {\"spec\": {\"name\": \"afterText\", \"type\": \"CharSequence\", \"description\": \"The text to show after the summary message.\"}, \"type\": \"ConfigOption\"}, {\"spec\": {\"name\": \"hideParams\", \"type\": \"Set\", \"description\": \"A list of parameters to hide in the summary message.\"}, \"type\": \"ConfigOption\"}], \"description\": \"Configuration scope for the parameter summary.\"}, \"type\": \"ConfigScope\"}, {\"spec\": {\"name\": \"help\", \"children\": [{\"spec\": {\"name\": \"showHidden\", \"type\": \"Boolean\", \"description\": \"Show hidden parameters in the help message.\"}, \"type\": \"ConfigOption\"}, {\"spec\": {\"name\": \"enumLength\", \"type\": \"Integer\", \"description\": \"The maximum length in characters of the enum preview in the help message.\\nThis defaults to the length of the terminal window specified by the `COLUMNS` environment variable or 100 characters if this variable hasn't been set.\\nIf the enum preview exceeds this length, it will be truncated.\\nSet this option to -1 to disable the enum preview truncation.\"}, \"type\": \"ConfigOption\"}, {\"spec\": {\"name\": \"beforeText\", \"type\": \"CharSequence\", \"description\": \"The text to show before the help message.\"}, \"type\": \"ConfigOption\"}, {\"spec\": {\"name\": \"fullParameter\", \"type\": \"CharSequence\", \"description\": \"The parameter to use to show the full help message.\"}, \"type\": \"ConfigOption\"}, {\"spec\": {\"name\": \"afterText\", \"type\": \"CharSequence\", \"description\": \"The text to show after the help message.\"}, \"type\": \"ConfigOption\"}, {\"spec\": {\"name\": \"enabled\", \"type\": \"Boolean\", \"description\": \"Enable the help message.\"}, \"type\": \"ConfigOption\"}, {\"spec\": {\"name\": \"command\", \"type\": \"CharSequence\", \"description\": \"An example command of how to run the pipeline.\"}, \"type\": \"ConfigOption\"}, {\"spec\": {\"name\": \"showHiddenParameter\", \"type\": \"CharSequence\", \"description\": \"The parameter to use to show hidden parameters in the help message.\"}, \"type\": \"ConfigOption\"}, {\"spec\": {\"name\": \"shortParameter\", \"type\": \"CharSequence\", \"description\": \"The parameter to use to show the short help message.\"}, \"type\": \"ConfigOption\"}], \"description\": \"Configuration scope for the help message.\"}, \"type\": \"ConfigScope\"}, {\"spec\": {\"name\": \"monochromeLogs\", \"type\": \"Boolean\", \"description\": \"Toggle monochrome logs. In monochrome mode, the logs will not be colored.\"}, \"type\": \"ConfigOption\"}, {\"spec\": {\"name\": \"showHiddenParams\", \"type\": \"Boolean\", \"description\": \"Show hidden parameters in the help message. This is deprecated, please use `validation.help.showHidden` or the `--showHidden` parameter instead.\"}, \"type\": \"ConfigOption\"}, {\"spec\": {\"name\": \"lenientMode\", \"type\": \"Boolean\", \"description\": \"Toggle lenient mode. In lenient mode, the validation of types will be more lenient (e.g. an integer will pass as a string type).\"}, \"type\": \"ConfigOption\"}, {\"spec\": {\"name\": \"logging\", \"children\": [{\"spec\": {\"name\": \"unrecognisedParams\", \"type\": \"ValidationLogger\", \"description\": \"Define the logging level of unrecognised parameters. Defaults to `warn`.\"}, \"type\": \"ConfigOption\"}, {\"spec\": {\"name\": \"unrecognisedHeaders\", \"type\": \"ValidationLogger\", \"description\": \"Define the logging level of unrecognised headers that are found in the samplesheets. Defaults to `warn`.\"}, \"type\": \"ConfigOption\"}], \"description\": \"Configuration scope for the logging of the validation plugin.\"}, \"type\": \"ConfigScope\"}, {\"spec\": {\"name\": \"maxErrValSize\", \"type\": \"Integer\", \"description\": \"Maximum size of the value shown in the error message. If the value is larger than this threshold, it will be truncated. Set to -1 to disable truncation.\"}, \"type\": \"ConfigOption\"}, {\"spec\": {\"name\": \"ignoreParams\", \"type\": \"Set\", \"description\": \"A list of parameters to ignore during validation.\"}, \"type\": \"ConfigOption\"}], \"description\": \"The `validation` scope allows you to configure the `nf-schema` plugin.\"}, \"type\": \"ConfigScope\"}, {\"spec\": {\"name\": \"validate\", \"parameters\": [{\"name\": \"arg0\", \"type\": \"?\"}, {\"name\": \"arg1\", \"type\": \"String\"}], \"returnType\": \"List\", \"description\": null}, \"type\": \"Function\"}, {\"spec\": {\"name\": \"validate\", \"parameters\": [{\"name\": \"arg0\", \"type\": \"?\"}, {\"name\": \"arg1\", \"type\": \"Path\"}], \"returnType\": \"List\", \"description\": null}, \"type\": \"Function\"}, {\"spec\": {\"name\": \"validate\", \"parameters\": [{\"name\": \"arg0\", \"type\": \"Map\"}, {\"name\": \"arg1\", \"type\": \"?\"}, {\"name\": \"arg2\", \"type\": \"Path\"}], \"returnType\": \"List\", \"description\": null}, \"type\": \"Function\"}, {\"spec\": {\"name\": \"validate\", \"parameters\": [{\"name\": \"arg0\", \"type\": \"Map\"}, {\"name\": \"arg1\", \"type\": \"?\"}, {\"name\": \"arg2\", \"type\": \"String\"}], \"returnType\": \"List\", \"description\": null}, \"type\": \"Function\"}, {\"spec\": {\"name\": \"samplesheetToList\", \"parameters\": [{\"name\": \"arg0\", \"type\": \"CharSequence\"}, {\"name\": \"arg1\", \"type\": \"CharSequence\"}], \"returnType\": \"List\", \"description\": null}, \"type\": \"Function\"}, {\"spec\": {\"name\": \"samplesheetToList\", \"parameters\": [{\"name\": \"arg0\", \"type\": \"Path\"}, {\"name\": \"arg1\", \"type\": \"CharSequence\"}], \"returnType\": \"List\", \"description\": null}, \"type\": \"Function\"}, {\"spec\": {\"name\": \"samplesheetToList\", \"parameters\": [{\"name\": \"arg0\", \"type\": \"CharSequence\"}, {\"name\": \"arg1\", \"type\": \"Path\"}], \"returnType\": \"List\", \"description\": null}, \"type\": \"Function\"}, {\"spec\": {\"name\": \"samplesheetToList\", \"parameters\": [{\"name\": \"arg0\", \"type\": \"Path\"}, {\"name\": \"arg1\", \"type\": \"Path\"}], \"returnType\": \"List\", \"description\": null}, \"type\": \"Function\"}, {\"spec\": {\"name\": \"samplesheetToList\", \"parameters\": [{\"name\": \"arg0\", \"type\": \"CharSequence\"}, {\"name\": \"arg1\", \"type\": \"Path\"}, {\"name\": \"arg2\", \"type\": \"Map\"}], \"returnType\": \"List\", \"description\": null}, \"type\": \"Function\"}, {\"spec\": {\"name\": \"samplesheetToList\", \"parameters\": [{\"name\": \"arg0\", \"type\": \"CharSequence\"}, {\"name\": \"arg1\", \"type\": \"CharSequence\"}, {\"name\": \"arg2\", \"type\": \"Map\"}], \"returnType\": \"List\", \"description\": null}, \"type\": \"Function\"}, {\"spec\": {\"name\": \"samplesheetToList\", \"parameters\": [{\"name\": \"arg0\", \"type\": \"Path\"}, {\"name\": \"arg1\", \"type\": \"CharSequence\"}, {\"name\": \"arg2\", \"type\": \"Map\"}], \"returnType\": \"List\", \"description\": null}, \"type\": \"Function\"}, {\"spec\": {\"name\": \"samplesheetToList\", \"parameters\": [{\"name\": \"arg0\", \"type\": \"Path\"}, {\"name\": \"arg1\", \"type\": \"Path\"}, {\"name\": \"arg2\", \"type\": \"Map\"}], \"returnType\": \"List\", \"description\": null}, \"type\": \"Function\"}, {\"spec\": {\"name\": \"validateParameters\", \"parameters\": [{\"name\": \"arg0\", \"type\": \"Map\"}], \"returnType\": \"void\", \"description\": null}, \"type\": \"Function\"}, {\"spec\": {\"name\": \"validateParameters\", \"parameters\": [], \"returnType\": \"void\", \"description\": null}, \"type\": \"Function\"}, {\"spec\": {\"name\": \"paramsHelp\", \"parameters\": [{\"name\": \"arg0\", \"type\": \"String\"}], \"returnType\": \"String\", \"description\": null}, \"type\": \"Function\"}, {\"spec\": {\"name\": \"paramsHelp\", \"parameters\": [], \"returnType\": \"String\", \"description\": null}, \"type\": \"Function\"}, {\"spec\": {\"name\": \"paramsHelp\", \"parameters\": [{\"name\": \"arg0\", \"type\": \"Map\"}, {\"name\": \"arg1\", \"type\": \"String\"}], \"returnType\": \"String\", \"description\": null}, \"type\": \"Function\"}, {\"spec\": {\"name\": \"paramsHelp\", \"parameters\": [{\"name\": \"arg0\", \"type\": \"Map\"}], \"returnType\": \"String\", \"description\": null}, \"type\": \"Function\"}, {\"spec\": {\"name\": \"paramsSummaryMap\", \"parameters\": [{\"name\": \"arg0\", \"type\": \"Map\"}, {\"name\": \"arg1\", \"type\": \"WorkflowMetadata\"}], \"returnType\": \"Map\", \"description\": null}, \"type\": \"Function\"}, {\"spec\": {\"name\": \"paramsSummaryMap\", \"parameters\": [{\"name\": \"arg0\", \"type\": \"WorkflowMetadata\"}], \"returnType\": \"Map\", \"description\": null}, \"type\": \"Function\"}, {\"spec\": {\"name\": \"paramsSummaryLog\", \"parameters\": [{\"name\": \"arg0\", \"type\": \"Map\"}, {\"name\": \"arg1\", \"type\": \"WorkflowMetadata\"}], \"returnType\": \"String\", \"description\": null}, \"type\": \"Function\"}, {\"spec\": {\"name\": \"paramsSummaryLog\", \"parameters\": [{\"name\": \"arg0\", \"type\": \"WorkflowMetadata\"}], \"returnType\": \"String\", \"description\": null}, \"type\": \"Function\"}]}","description":null}],"projectUrl":"https://github.com/nextflow-io/nf-schema","provider":"nextflow-io","description":null}]}
Feb-06 04:47:33.104 [main] DEBUG nextflow.plugin.PluginUpdater - Installing plugin nf-schema version: 2.6.1
Feb-06 04:47:33.119 [main] INFO  org.pf4j.AbstractPluginManager - Plugin 'nf-schema@2.6.1' resolved
Feb-06 04:47:33.120 [main] INFO  org.pf4j.AbstractPluginManager - Start plugin 'nf-schema@2.6.1'
Feb-06 04:47:33.124 [main] DEBUG nextflow.plugin.BasePlugin - Plugin started nf-schema@2.6.1
Feb-06 04:47:33.127 [main] DEBUG n.secret.LocalSecretsProvider - Secrets store: /workspaces/training/.nextflow/secrets/store.json
Feb-06 04:47:33.129 [main] DEBUG nextflow.secret.SecretsLoader - Discovered secrets providers: [nextflow.secret.LocalSecretsProvider@674aa626] - activable => nextflow.secret.LocalSecretsProvider@674aa626
Feb-06 04:47:33.130 [main] DEBUG nextflow.cli.CmdRun - Applied DSL=2 by global default
Feb-06 04:47:33.130 [main] DEBUG nextflow.cli.CmdRun - Launching `https://github.com/nf-core/demo` [evil_hamilton] DSL2 - revision: 45904cb9d1 [master]
Feb-06 04:47:33.181 [main] DEBUG nextflow.Session - Session UUID: d3055a88-e98e-4ec6-962e-a0574939e656
Feb-06 04:47:33.182 [main] DEBUG nextflow.Session - Run name: evil_hamilton
Feb-06 04:47:33.182 [main] DEBUG nextflow.Session - Executor pool size: 10
Feb-06 04:47:33.186 [main] DEBUG nextflow.file.FilePorter - File porter settings maxRetries=3; maxTransfers=50; pollTimeout=null
Feb-06 04:47:33.188 [main] DEBUG nextflow.util.ThreadPoolBuilder - Creating thread pool 'FileTransfer' minSize=10; maxSize=30; workQueue=LinkedBlockingQueue[-1]; allowCoreThreadTimeout=false
Feb-06 04:47:33.198 [main] DEBUG nextflow.cli.CmdRun - 
  Version: 25.10.3 build 10983
  Created: 22-01-2026 15:34 UTC (15:34 GMT)
  System: Linux 6.12.54-linuxkit
  Runtime: Groovy 4.0.28 on OpenJDK 64-Bit Server VM 17.0.17-internal+0-adhoc..src
  Encoding: UTF-8 (UTF-8)
  Process: 71481@03480277088d [172.17.0.2]
  CPUs: 10 - Mem: 7.7 GB (264.5 MB) - Swap: 1024 MB (1020.7 MB)
Feb-06 04:47:33.205 [main] DEBUG nextflow.Session - Work-dir: /Users/jenniferxu/training/hello-nf-core/work [UNKNOWN (0x6a656a63)]
Feb-06 04:47:33.205 [main] DEBUG nextflow.Session - Script base path does not exist or is not a directory: /workspaces/training/.nextflow/assets/nf-core/demo/bin
Feb-06 04:47:33.210 [main] DEBUG nextflow.executor.ExecutorFactory - Extension executors providers=[]
Feb-06 04:47:33.216 [main] DEBUG nextflow.Session - Observer factory (v2): LinObserverFactory
Feb-06 04:47:33.216 [main] DEBUG nextflow.Session - Observer factory (v2): DefaultObserverFactory
Feb-06 04:47:33.223 [main] DEBUG nextflow.Session - Observer factory (v2): ValidationObserverFactory
Feb-06 04:47:33.243 [main] DEBUG nextflow.cache.CacheFactory - Using Nextflow cache factory: nextflow.cache.DefaultCacheFactory
Feb-06 04:47:33.248 [main] DEBUG nextflow.util.CustomThreadPool - Creating default thread pool > poolSize: 11; maxThreads: 1000
Feb-06 04:47:33.284 [main] DEBUG nextflow.Session - Session start
Feb-06 04:47:33.288 [main] DEBUG nextflow.trace.TraceFileObserver - Workflow started -- trace file: demo-results/pipeline_info/execution_trace_2026-02-06_04-47-31.txt
Feb-06 04:47:33.289 [main] DEBUG nextflow.script.ScriptLoaderFactory - Using script parser v2
Feb-06 04:47:33.960 [main] DEBUG nextflow.script.ScriptRunner - > Launching execution
Feb-06 04:47:33.963 [main] DEBUG nextflow.script.ScriptRunner - Parsed script files:
  _nf_script_60ef3a85608ba087: /Users/jenniferxu/training/.nextflow/assets/nf-core/demo/modules/nf-core/fastqc/main.nf
  _nf_script_c6283dcbc5995240: /Users/jenniferxu/training/.nextflow/assets/nf-core/demo/subworkflows/nf-core/utils_nextflow_pipeline/main.nf
  _nf_script_733374a645f0cc31: /Users/jenniferxu/training/.nextflow/assets/nf-core/demo/modules/nf-core/seqtk/trim/main.nf
  _nf_script_71848a7d1363cd57: /Users/jenniferxu/training/.nextflow/assets/nf-core/demo/subworkflows/nf-core/utils_nfcore_pipeline/main.nf
  _nf_script_65e2ae6d708a038e: /Users/jenniferxu/training/.nextflow/assets/nf-core/demo/subworkflows/local/utils_nfcore_demo_pipeline/main.nf
  _nf_script_bfb8b792323e5c40: /Users/jenniferxu/training/.nextflow/assets/nf-core/demo/subworkflows/nf-core/utils_nfschema_plugin/main.nf
  _nf_script_20fde63c37ea8038: /Users/jenniferxu/training/.nextflow/assets/nf-core/demo/modules/nf-core/multiqc/main.nf
  Main: /workspaces/training/.nextflow/assets/nf-core/demo/main.nf
  _nf_script_e0e30e2657db8b86: /Users/jenniferxu/training/.nextflow/assets/nf-core/demo/workflows/demo.nf
Feb-06 04:47:33.964 [main] DEBUG nextflow.Session - Session aborted -- Cause: java.lang.IllegalStateException
Feb-06 04:47:33.968 [main] DEBUG n.trace.WorkflowStatsObserver - Workflow completed > WorkflowStats[succeededCount=0; failedCount=0; ignoredCount=0; cachedCount=0; pendingCount=0; submittedCount=0; runningCount=0; retriesCount=0; abortedCount=0; succeedDuration=0ms; failedDuration=0ms; cachedDuration=0ms;loadCpus=0; loadMemory=0; peakRunning=0; peakCpus=0; peakMemory=0; ]
Feb-06 04:47:34.099 [main] DEBUG nextflow.trace.ReportObserver - Workflow completed -- rendering execution report
Feb-06 04:47:34.357 [main] DEBUG nextflow.trace.TimelineObserver - Workflow completed -- rendering execution timeline
Feb-06 04:47:34.378 [main] DEBUG nextflow.trace.TraceFileObserver - Workflow completed -- saving trace file
Feb-06 04:47:34.383 [main] ERROR nextflow.cli.Launcher - @unknown
java.lang.IllegalStateException: null
	at nextflow.script.IncludeDef.memoizedMethodPriv$loadModuleV2PathMapSession(IncludeDef.groovy:148)
	at nextflow.script.IncludeDef.access$0(IncludeDef.groovy)
	at nextflow.script.IncludeDef$__clinit__closure2.doCall(IncludeDef.groovy)
	at java.base/jdk.internal.reflect.NativeMethodAccessorImpl.invoke0(Native Method)
	at java.base/jdk.internal.reflect.NativeMethodAccessorImpl.invoke(NativeMethodAccessorImpl.java:77)
	at java.base/jdk.internal.reflect.DelegatingMethodAccessorImpl.invoke(DelegatingMethodAccessorImpl.java:43)
	at java.base/java.lang.reflect.Method.invoke(Method.java:569)
	at org.codehaus.groovy.reflection.CachedMethod.invoke(CachedMethod.java:343)
	at groovy.lang.MetaMethod.doMethodInvoke(MetaMethod.java:328)
	at org.codehaus.groovy.runtime.metaclass.ClosureMetaClass.invokeMethod(ClosureMetaClass.java:280)
	at groovy.lang.MetaClassImpl.invokeMethod(MetaClassImpl.java:1007)
	at groovy.lang.Closure.call(Closure.java:433)
	at org.codehaus.groovy.runtime.memoize.Memoize$MemoizeFunction.lambda$call$0(Memoize.java:137)
	at org.codehaus.groovy.runtime.memoize.ConcurrentCommonCache.getAndPut(ConcurrentCommonCache.java:137)
	at org.codehaus.groovy.runtime.memoize.ConcurrentCommonCache.getAndPut(ConcurrentCommonCache.java:113)
	at org.codehaus.groovy.runtime.memoize.Memoize$MemoizeFunction.call(Memoize.java:136)
	at nextflow.script.IncludeDef.loadModuleV2(IncludeDef.groovy)
	at nextflow.script.IncludeDef.load0(IncludeDef.groovy:112)
	at org.codehaus.groovy.vmplugin.v8.IndyInterface.fromCache(IndyInterface.java:321)
	at Main.runScript(Main)
	at nextflow.script.BaseScript.run0(BaseScript.groovy:218)
	at nextflow.script.BaseScript.run(BaseScript.groovy:260)
	at nextflow.script.parser.v2.ScriptLoaderV2.runScript(ScriptLoaderV2.groovy:93)
	at nextflow.script.parser.v2.ScriptLoaderV2.runScript(ScriptLoaderV2.groovy)
	at nextflow.script.ScriptRunner.run(ScriptRunner.groovy:246)
	at nextflow.script.ScriptRunner.execute(ScriptRunner.groovy:139)
	at nextflow.cli.CmdRun.run(CmdRun.groovy:429)
	at nextflow.cli.Launcher.run(Launcher.groovy:515)
	at nextflow.cli.Launcher.main(Launcher.groovy:675)
